<?xml version="1.0" encoding="UTF-8"?>
<!-- Generated by org.testng.reporters.JUnitXMLReporter -->
<testsuite ignored="0" hostname="lesly-desktop" failures="0" tests="3" name="Test" time="22.895" errors="0" timestamp="12 Oct 2019 22:10:33 GMT">
  <testcase classname="tests.Regression" name="authenticationPage" time="7.818"/>
  <testcase classname="tests.Regression" name="dynamicLoadingTestExample1" time="5.692"/>
  <testcase classname="tests.Regression" name="dynamicLoadingTestExample2" time="5.777"/>
</testsuite> <!-- Test -->
