<?xml version="1.0" encoding="UTF-8"?>
<testng-results ignored="0" total="3" passed="3" failed="0" skipped="0">
  <reporter-output>
  </reporter-output>
  <suite started-at="2019-10-12T22:10:10Z" name="Suite" finished-at="2019-10-12T22:10:33Z" duration-ms="22895">
    <groups>
    </groups>
    <test started-at="2019-10-12T22:10:10Z" name="Test" finished-at="2019-10-12T22:10:33Z" duration-ms="22895">
      <class name="tests.Regression">
        <test-method is-config="true" signature="startWebDriver()[pri:0, instance:tests.Regression@5f71c76a]" started-at="2019-10-12T22:10:10Z" name="startWebDriver" finished-at="2019-10-12T22:10:12Z" duration-ms="1690" status="PASS">
          <reporter-output>
          </reporter-output>
        </test-method> <!-- startWebDriver -->
        <test-method signature="authenticationPage()[pri:0, instance:tests.Regression@5f71c76a]" started-at="2019-10-12T22:10:12Z" name="authenticationPage" finished-at="2019-10-12T22:10:20Z" duration-ms="7818" status="PASS">
          <reporter-output>
          </reporter-output>
        </test-method> <!-- authenticationPage -->
        <test-method is-config="true" signature="closeWebDriver()[pri:0, instance:tests.Regression@5f71c76a]" started-at="2019-10-12T22:10:20Z" name="closeWebDriver" finished-at="2019-10-12T22:10:20Z" duration-ms="93" status="PASS">
          <reporter-output>
          </reporter-output>
        </test-method> <!-- closeWebDriver -->
        <test-method is-config="true" signature="startWebDriver()[pri:0, instance:tests.Regression@5f71c76a]" started-at="2019-10-12T22:10:20Z" name="startWebDriver" finished-at="2019-10-12T22:10:21Z" duration-ms="811" status="PASS">
          <reporter-output>
          </reporter-output>
        </test-method> <!-- startWebDriver -->
        <test-method signature="dynamicLoadingTestExample1()[pri:0, instance:tests.Regression@5f71c76a]" started-at="2019-10-12T22:10:21Z" name="dynamicLoadingTestExample1" finished-at="2019-10-12T22:10:26Z" duration-ms="5692" status="PASS">
          <reporter-output>
          </reporter-output>
        </test-method> <!-- dynamicLoadingTestExample1 -->
        <test-method is-config="true" signature="closeWebDriver()[pri:0, instance:tests.Regression@5f71c76a]" started-at="2019-10-12T22:10:26Z" name="closeWebDriver" finished-at="2019-10-12T22:10:26Z" duration-ms="93" status="PASS">
          <reporter-output>
          </reporter-output>
        </test-method> <!-- closeWebDriver -->
        <test-method is-config="true" signature="startWebDriver()[pri:0, instance:tests.Regression@5f71c76a]" started-at="2019-10-12T22:10:26Z" name="startWebDriver" finished-at="2019-10-12T22:10:27Z" duration-ms="820" status="PASS">
          <reporter-output>
          </reporter-output>
        </test-method> <!-- startWebDriver -->
        <test-method signature="dynamicLoadingTestExample2()[pri:0, instance:tests.Regression@5f71c76a]" started-at="2019-10-12T22:10:27Z" name="dynamicLoadingTestExample2" finished-at="2019-10-12T22:10:33Z" duration-ms="5777" status="PASS">
          <reporter-output>
          </reporter-output>
        </test-method> <!-- dynamicLoadingTestExample2 -->
        <test-method is-config="true" signature="closeWebDriver()[pri:0, instance:tests.Regression@5f71c76a]" started-at="2019-10-12T22:10:33Z" name="closeWebDriver" finished-at="2019-10-12T22:10:33Z" duration-ms="85" status="PASS">
          <reporter-output>
          </reporter-output>
        </test-method> <!-- closeWebDriver -->
      </class> <!-- tests.Regression -->
    </test> <!-- Test -->
  </suite> <!-- Suite -->
</testng-results>
