<?xml version="1.0" encoding="UTF-8"?>
<testng-results ignored="0" total="1" passed="1" failed="0" skipped="0">
  <reporter-output>
  </reporter-output>
  <suite started-at="2019-09-01T23:12:43Z" name="Suite" finished-at="2019-09-01T23:12:47Z" duration-ms="4143">
    <groups>
    </groups>
    <test started-at="2019-09-01T23:12:43Z" name="Test" finished-at="2019-09-01T23:12:47Z" duration-ms="4143">
      <class name="NewTest">
        <test-method signature="f()[pri:0, instance:NewTest@2f8f5f62]" started-at="2019-09-01T23:12:43Z" name="f" finished-at="2019-09-01T23:12:47Z" duration-ms="4126" status="PASS">
          <reporter-output>
          </reporter-output>
        </test-method> <!-- f -->
      </class> <!-- NewTest -->
    </test> <!-- Test -->
  </suite> <!-- Suite -->
</testng-results>
